<?xml version="1.0" encoding="UTF-8"?>
<!-- Generated by org.testng.reporters.JUnitReportReporter -->
<testsuite hostname="DESKTOP-4OKVR2V" failures="0" tests="1" name="POM_Testcases.DWS_Mousehover" time="0.263" errors="0" timestamp="2022-11-19T16:09:52 IST" skipped="0">
  <testcase classname="POM_Testcases.DWS_Mousehover" name="mouse" time="0.263"/>
  <system-out/>
</testsuite> <!-- POM_Testcases.DWS_Mousehover -->
