<?xml version="1.0" encoding="UTF-8"?>
<!-- Generated by org.testng.reporters.JUnitReportReporter -->
<testsuite hostname="DESKTOP-4OKVR2V" failures="0" tests="1" name="POM_Testcases.DMS_Searchtest" time="1.432" errors="0" timestamp="2022-11-19T15:43:14 IST" skipped="0">
  <testcase classname="POM_Testcases.DMS_Searchtest" name="jew" time="1.432"/>
  <system-out/>
</testsuite> <!-- POM_Testcases.DMS_Searchtest -->
