<?xml version="1.0" encoding="UTF-8"?>
<!-- Generated by org.testng.reporters.JUnitReportReporter -->
<testsuite hostname="DESKTOP-4OKVR2V" failures="0" tests="5" name="Testng_basics.Dependson_methods" time="0.020" errors="0" timestamp="2022-11-10T11:27:43 IST" skipped="0">
  <testcase classname="Testng_basics.Dependson_methods" name="Login" time="0.005"/>
  <system-out/>
  <testcase classname="Testng_basics.Dependson_methods" name="Register" time="0.009"/>
  <system-out/>
  <testcase classname="Testng_basics.Dependson_methods" name="Logout" time="0.002"/>
  <system-out/>
  <testcase classname="Testng_basics.Dependson_methods" name="Wishlist" time="0.001"/>
  <system-out/>
  <testcase classname="Testng_basics.Dependson_methods" name="Search" time="0.003"/>
  <system-out/>
</testsuite> <!-- Testng_basics.Dependson_methods -->
