<?xml version="1.0" encoding="UTF-8"?>
<!-- Generated by org.testng.reporters.JUnitReportReporter -->
<testsuite hostname="DESKTOP-4OKVR2V" failures="0" tests="3" name="Testng_basics.Dataprovider_Register" time="35.910" errors="0" timestamp="2022-11-11T17:59:14 IST" skipped="0">
  <testcase classname="Testng_basics.Dataprovider_Register" name="registerdetails" time="19.142"/>
  <system-out/>
  <testcase classname="Testng_basics.Dataprovider_Register" name="registerdetails" time="8.250"/>
  <system-out/>
  <testcase classname="Testng_basics.Dataprovider_Register" name="registerdetails" time="8.518"/>
  <system-out/>
</testsuite> <!-- Testng_basics.Dataprovider_Register -->
