<?xml version="1.0" encoding="UTF-8"?>
<!-- Generated by org.testng.reporters.JUnitReportReporter -->
<testsuite hostname="DESKTOP-4OKVR2V" failures="0" tests="1" name="Test_cases.Advance_search" time="3.068" errors="0" timestamp="2022-11-24T13:17:11 IST" skipped="0">
  <testcase classname="Test_cases.Advance_search" name="demo" time="3.068"/>
  <system-out/>
</testsuite> <!-- Test_cases.Advance_search -->
