<?xml version="1.0" encoding="UTF-8"?>
<!-- Generated by org.testng.reporters.JUnitReportReporter -->
<testsuite hostname="DESKTOP-4OKVR2V" failures="0" tests="4" name="Testng_basics.Working_Dataprovider" time="0.023" errors="0" timestamp="2022-11-23T09:40:36 IST" skipped="0">
  <testcase classname="Testng_basics.Working_Dataprovider" name="testmethod" time="0.007"/>
  <system-out/>
  <testcase classname="Testng_basics.Working_Dataprovider" name="testmethod" time="0.002"/>
  <system-out/>
  <testcase classname="Testng_basics.Working_Dataprovider" name="testmethod" time="0.003"/>
  <system-out/>
  <testcase classname="Testng_basics.Working_Dataprovider" name="testmethod" time="0.011"/>
  <system-out/>
</testsuite> <!-- Testng_basics.Working_Dataprovider -->
