<?xml version="1.0" encoding="UTF-8"?>
<!-- Generated by org.testng.reporters.JUnitReportReporter -->
<testsuite hostname="DESKTOP-4OKVR2V" failures="0" tests="1" name="Testng_basics.Working_excel" time="0.935" errors="0" timestamp="2022-11-16T15:25:30 IST" skipped="0">
  <testcase classname="Testng_basics.Working_excel" name="names" time="0.935"/>
  <system-out/>
</testsuite> <!-- Testng_basics.Working_excel -->
