<?xml version="1.0" encoding="UTF-8"?>
<!-- Generated by org.testng.reporters.JUnitReportReporter -->
<testsuite hostname="DESKTOP-4OKVR2V" failures="0" tests="1" name="POM_Testcases.DWS_Wishlisttest" time="5.107" errors="0" timestamp="2022-11-19T15:29:13 IST" skipped="0">
  <testcase classname="POM_Testcases.DWS_Wishlisttest" name="jew" time="5.107"/>
  <system-out/>
</testsuite> <!-- POM_Testcases.DWS_Wishlisttest -->
