<?xml version="1.0" encoding="UTF-8"?>
<!-- Generated by org.testng.reporters.JUnitReportReporter -->
<testsuite hostname="DESKTOP-4OKVR2V" failures="0" tests="1" name="POM_Testcases.DWS_AdvSearch" time="1.277" errors="0" timestamp="2022-11-19T12:55:54 IST" skipped="0">
  <testcase classname="POM_Testcases.DWS_AdvSearch" name="TC" time="1.277"/>
  <system-out/>
</testsuite> <!-- POM_Testcases.DWS_AdvSearch -->
