<?xml version="1.0" encoding="UTF-8"?>
<!-- Generated by org.testng.reporters.JUnitReportReporter -->
<testsuite hostname="DESKTOP-4OKVR2V" failures="0" tests="4" name="Testng_basics.Working_exclude" time="0.024" errors="0" timestamp="2022-11-10T12:41:52 IST" skipped="0">
  <testcase classname="Testng_basics.Working_exclude" name="Search" time="0.003"/>
  <system-out/>
  <testcase classname="Testng_basics.Working_exclude" name="Wishlist" time="0.001"/>
  <system-out/>
  <testcase classname="Testng_basics.Working_exclude" name="Login" time="0.016"/>
  <system-out/>
  <testcase classname="Testng_basics.Working_exclude" name="Logout" time="0.004"/>
  <system-out/>
</testsuite> <!-- Testng_basics.Working_exclude -->
