<?xml version="1.0" encoding="UTF-8"?>
<!-- Generated by org.testng.reporters.JUnitReportReporter -->
<testsuite hostname="DESKTOP-4OKVR2V" failures="0" tests="2" name="Testng_basics.Priority_execution" time="0.016" errors="0" timestamp="2022-11-10T12:16:39 IST" skipped="0">
  <testcase classname="Testng_basics.Priority_execution" name="Register" time="0.013"/>
  <system-out/>
  <testcase classname="Testng_basics.Priority_execution" name="Wishlist" time="0.003"/>
  <system-out/>
</testsuite> <!-- Testng_basics.Priority_execution -->
