<?xml version="1.0" encoding="UTF-8"?>
<!-- Generated by org.testng.reporters.JUnitReportReporter -->
<testsuite hostname="DESKTOP-4OKVR2V" failures="0" tests="1" name="Test_cases.Mouse_over" time="2.054" errors="0" timestamp="2022-11-16T22:51:59 IST" skipped="0">
  <testcase classname="Test_cases.Mouse_over" name="demo" time="2.054"/>
  <system-out/>
</testsuite> <!-- Test_cases.Mouse_over -->
