<?xml version="1.0" encoding="UTF-8"?>
<!-- Generated by org.testng.reporters.JUnitReportReporter -->
<testsuite hostname="DESKTOP-4OKVR2V" failures="0" tests="3" name="Testng_basics.Working_groups" time="0.023" errors="0" timestamp="2022-11-10T16:29:14 IST" skipped="0">
  <testcase classname="Testng_basics.Working_groups" name="Register" time="0.015"/>
  <system-out/>
  <testcase classname="Testng_basics.Working_groups" name="Login" time="0.007"/>
  <system-out/>
  <testcase classname="Testng_basics.Working_groups" name="Search" time="0.001"/>
  <system-out/>
</testsuite> <!-- Testng_basics.Working_groups -->
