<?xml version="1.0" encoding="UTF-8"?>
<!-- Generated by org.testng.reporters.JUnitReportReporter -->
<testsuite hostname="DESKTOP-4OKVR2V" failures="0" tests="1" name="POM_Testcases.DWS_Jewelry" time="3.109" errors="0" timestamp="2022-11-18T22:32:35 IST" skipped="0">
  <testcase classname="POM_Testcases.DWS_Jewelry" name="jew" time="3.109"/>
  <system-out/>
</testsuite> <!-- POM_Testcases.DWS_Jewelry -->
