<?xml version="1.0" encoding="UTF-8"?>
<!-- Generated by org.testng.reporters.JUnitReportReporter -->
<testsuite hostname="DESKTOP-4OKVR2V" failures="0" tests="5" name="Testng_basics.Execution_order" time="0.059" errors="0" timestamp="2022-11-10T11:08:39 IST" skipped="0">
  <testcase classname="Testng_basics.Execution_order" name="Login" time="0.009"/>
  <system-out/>
  <testcase classname="Testng_basics.Execution_order" name="Register" time="0.033"/>
  <system-out/>
  <testcase classname="Testng_basics.Execution_order" name="Logout" time="0.005"/>
  <system-out/>
  <testcase classname="Testng_basics.Execution_order" name="Wishlist" time="0.006"/>
  <system-out/>
  <testcase classname="Testng_basics.Execution_order" name="Search" time="0.006"/>
  <system-out/>
</testsuite> <!-- Testng_basics.Execution_order -->
