<?xml version="1.0" encoding="UTF-8"?>
<!-- Generated by org.testng.reporters.JUnitReportReporter -->
<testsuite hostname="DESKTOP-4OKVR2V" failures="0" tests="1" name="Testng_basics.Working_propertyfile" time="0.013" errors="0" timestamp="2022-11-15T17:01:26 IST" skipped="0">
  <testcase classname="Testng_basics.Working_propertyfile" name="propertydemo" time="0.013"/>
  <system-out/>
</testsuite> <!-- Testng_basics.Working_propertyfile -->
