<?xml version="1.0" encoding="UTF-8"?>
<!-- Generated by org.testng.reporters.JUnitReportReporter -->
<testsuite hostname="DESKTOP-4OKVR2V" failures="0" tests="2" name="Testng_basics.Working_include" time="0.007" errors="0" timestamp="2022-11-10T16:29:14 IST" skipped="0">
  <testcase classname="Testng_basics.Working_include" name="Wishlist" time="0.005"/>
  <system-out/>
  <testcase classname="Testng_basics.Working_include" name="Logout" time="0.002"/>
  <system-out/>
</testsuite> <!-- Testng_basics.Working_include -->
