<?xml version="1.0" encoding="UTF-8"?>
<!-- Generated by org.testng.reporters.JUnitReportReporter -->
<testsuite hostname="DESKTOP-4OKVR2V" failures="0" tests="1" name="POM_Testcases.DWS_Login_Test" time="2.658" errors="0" timestamp="2022-11-19T10:12:29 IST" skipped="0">
  <testcase classname="POM_Testcases.DWS_Login_Test" name="TC01" time="2.658"/>
  <system-out/>
</testsuite> <!-- POM_Testcases.DWS_Login_Test -->
