<?xml version="1.0" encoding="UTF-8"?>
<!-- Generated by org.testng.reporters.JUnitReportReporter -->
<testsuite hostname="DESKTOP-4OKVR2V" failures="0" tests="1" name="POM_Testcases.DWS_Giftcards" time="1.598" errors="0" timestamp="2022-11-19T16:26:36 IST" skipped="0">
  <testcase classname="POM_Testcases.DWS_Giftcards" name="jew" time="1.598"/>
  <system-out/>
</testsuite> <!-- POM_Testcases.DWS_Giftcards -->
