<?xml version="1.0" encoding="UTF-8"?>
<!-- Generated by org.testng.reporters.JUnitReportReporter -->
<testsuite hostname="DESKTOP-4OKVR2V" failures="0" tests="1" name="Testng_basics.Working_parallel_execution" time="123.038" errors="0" timestamp="2022-11-11T12:35:38 IST" skipped="0">
  <testcase classname="Testng_basics.Working_parallel_execution" name="parallel" time="123.038"/>
  <system-out/>
</testsuite> <!-- Testng_basics.Working_parallel_execution -->
