<?xml version="1.0" encoding="UTF-8"?>
<!-- Generated by org.testng.reporters.JUnitReportReporter -->
<testsuite hostname="DESKTOP-4OKVR2V" failures="0" tests="3" name="Testng_basics.Dataprovider_login" time="34.766" errors="0" timestamp="2022-11-14T10:15:22 IST" skipped="0">
  <testcase classname="Testng_basics.Dataprovider_login" name="registerdetails" time="20.041"/>
  <system-out/>
  <testcase classname="Testng_basics.Dataprovider_login" name="registerdetails" time="7.310"/>
  <system-out/>
  <testcase classname="Testng_basics.Dataprovider_login" name="registerdetails" time="7.415"/>
  <system-out/>
</testsuite> <!-- Testng_basics.Dataprovider_login -->
